[0.046s] Invoking command in '/home/kanja-koduki/techonvoy_ws/build/turtlesim_multi': CMAKE_PREFIX_PATH=${CMAKE_PREFIX_PATH}:/home/kanja-koduki/ortega_ws/install/ortega_bot:/opt/ros/humble /home/kanja-koduki/.local/bin/cmake --build /home/kanja-koduki/techonvoy_ws/build/turtlesim_multi -- -j8 -l8
[0.133s] -- Found ament_cmake: 1.3.5 (/opt/ros/humble/share/ament_cmake/cmake)
[0.739s] -- Found ament_lint_auto: 0.12.7 (/opt/ros/humble/share/ament_lint_auto/cmake)
[1.043s] -- Added test 'cppcheck' to perform static code analysis on C / C++ code
[1.044s] -- Configured cppcheck include dirs: $<BUILD_INTERFACE:/home/kanja-koduki/techonvoy_ws/src/turtlesim_multi/include>
[1.044s] -- Configured cppcheck exclude dirs and/or files: 
[1.046s] -- Added test 'lint_cmake' to check CMake code style
[1.049s] -- Added test 'uncrustify' to check C / C++ code style
[1.049s] -- Configured uncrustify additional arguments: 
[1.050s] -- Added test 'xmllint' to check XML markup files
[1.054s] -- Configuring done (0.9s)
[1.069s] -- Generating done (0.0s)
[1.073s] -- Build files have been written to: /home/kanja-koduki/techonvoy_ws/build/turtlesim_multi
[1.104s] [ 50%] [32mBuilding CXX object CMakeFiles/single_drive.dir/src/single_drive.cpp.o[0m
[1.165s] [01m[K/home/kanja-koduki/techonvoy_ws/src/turtlesim_multi/src/single_drive.cpp:3:10:[m[K [01;31m[Kfatal error: [m[Krclcpp/rclcpp.hpp: No such file or directory
[1.165s]     3 | #include [01;31m[K"rclcpp/rclcpp.hpp"[m[K
[1.166s]       |          [01;31m[K^~~~~~~~~~~~~~~~~~~[m[K
[1.166s] compilation terminated.
[1.167s] gmake[2]: *** [CMakeFiles/single_drive.dir/build.make:76: CMakeFiles/single_drive.dir/src/single_drive.cpp.o] Error 1
[1.167s] gmake[1]: *** [CMakeFiles/Makefile2:137: CMakeFiles/single_drive.dir/all] Error 2
[1.168s] gmake: *** [Makefile:146: all] Error 2
[1.180s] Invoked command in '/home/kanja-koduki/techonvoy_ws/build/turtlesim_multi' returned '2': CMAKE_PREFIX_PATH=${CMAKE_PREFIX_PATH}:/home/kanja-koduki/ortega_ws/install/ortega_bot:/opt/ros/humble /home/kanja-koduki/.local/bin/cmake --build /home/kanja-koduki/techonvoy_ws/build/turtlesim_multi -- -j8 -l8
