[0.032s] Invoking command in '/home/kanja-koduki/techonvoy_ws/build/turtlesim_multi': CMAKE_PREFIX_PATH=${CMAKE_PREFIX_PATH}:/home/kanja-koduki/ortega_ws/install/ortega_bot:/opt/ros/humble /home/kanja-koduki/.local/bin/cmake --build /home/kanja-koduki/techonvoy_ws/build/turtlesim_multi -- -j8 -l8
[0.118s] -- Found ament_cmake: 1.3.5 (/opt/ros/humble/share/ament_cmake/cmake)
[0.592s] -- Found rclcpp: 16.0.5 (/opt/ros/humble/share/rclcpp/cmake)
[0.671s] -- Found rosidl_generator_c: 3.1.5 (/opt/ros/humble/share/rosidl_generator_c/cmake)
[0.678s] -- Found rosidl_adapter: 3.1.5 (/opt/ros/humble/share/rosidl_adapter/cmake)
[0.695s] -- Found rosidl_generator_cpp: 3.1.5 (/opt/ros/humble/share/rosidl_generator_cpp/cmake)
[0.725s] -- Using all available rosidl_typesupport_c: rosidl_typesupport_fastrtps_c;rosidl_typesupport_introspection_c
[0.764s] -- Using all available rosidl_typesupport_cpp: rosidl_typesupport_fastrtps_cpp;rosidl_typesupport_introspection_cpp
[0.897s] -- Found rmw_implementation_cmake: 6.1.1 (/opt/ros/humble/share/rmw_implementation_cmake/cmake)
[0.900s] -- Found rmw_cyclonedds_cpp: 1.3.4 (/opt/ros/humble/share/rmw_cyclonedds_cpp/cmake)
[0.968s] -- Using RMW implementation 'rmw_cyclonedds_cpp' as default
[1.325s] -- Found geometry_msgs: 4.2.3 (/opt/ros/humble/share/geometry_msgs/cmake)
[1.419s] -- Found ament_lint_auto: 0.12.7 (/opt/ros/humble/share/ament_lint_auto/cmake)
[1.663s] -- Added test 'cppcheck' to perform static code analysis on C / C++ code
[1.663s] -- Configured cppcheck include dirs: 
[1.663s] -- Configured cppcheck exclude dirs and/or files: 
[1.664s] -- Added test 'flake8' to check Python code syntax and style conventions
[1.665s] -- Added test 'lint_cmake' to check CMake code style
[1.666s] -- Added test 'pep257' to check Python code against some of the docstring style conventions in PEP 257
[1.668s] -- Added test 'uncrustify' to check C / C++ code style
[1.668s] -- Configured uncrustify additional arguments: 
[1.668s] -- Added test 'xmllint' to check XML markup files
[1.670s] -- Configuring done (1.6s)
[1.687s] -- Generating done (0.0s)
[1.690s] -- Build files have been written to: /home/kanja-koduki/techonvoy_ws/build/turtlesim_multi
[1.732s] [100%] Built target single_drive
[1.749s] Invoked command in '/home/kanja-koduki/techonvoy_ws/build/turtlesim_multi' returned '0': CMAKE_PREFIX_PATH=${CMAKE_PREFIX_PATH}:/home/kanja-koduki/ortega_ws/install/ortega_bot:/opt/ros/humble /home/kanja-koduki/.local/bin/cmake --build /home/kanja-koduki/techonvoy_ws/build/turtlesim_multi -- -j8 -l8
[1.898s] Invoking command in '/home/kanja-koduki/techonvoy_ws/build/turtlesim_multi': CMAKE_PREFIX_PATH=${CMAKE_PREFIX_PATH}:/home/kanja-koduki/ortega_ws/install/ortega_bot:/opt/ros/humble /home/kanja-koduki/.local/bin/cmake --install /home/kanja-koduki/techonvoy_ws/build/turtlesim_multi
[1.959s] -- Install configuration: ""
[1.959s] -- Up-to-date: /home/kanja-koduki/techonvoy_ws/install/turtlesim_multi/lib/turtlesim_multi/single_drive
[1.959s] -- Installing: /home/kanja-koduki/techonvoy_ws/install/turtlesim_multi/share/turtlesim_multi/launch
[1.959s] -- Installing: /home/kanja-koduki/techonvoy_ws/install/turtlesim_multi/share/turtlesim_multi/launch/single_drive.launch.py
[1.960s] -- Up-to-date: /home/kanja-koduki/techonvoy_ws/install/turtlesim_multi/share/ament_index/resource_index/package_run_dependencies/turtlesim_multi
[1.960s] -- Up-to-date: /home/kanja-koduki/techonvoy_ws/install/turtlesim_multi/share/ament_index/resource_index/parent_prefix_path/turtlesim_multi
[1.960s] -- Up-to-date: /home/kanja-koduki/techonvoy_ws/install/turtlesim_multi/share/turtlesim_multi/environment/ament_prefix_path.sh
[1.960s] -- Installing: /home/kanja-koduki/techonvoy_ws/install/turtlesim_multi/share/turtlesim_multi/environment/ament_prefix_path.dsv
[1.960s] -- Up-to-date: /home/kanja-koduki/techonvoy_ws/install/turtlesim_multi/share/turtlesim_multi/environment/path.sh
[1.960s] -- Installing: /home/kanja-koduki/techonvoy_ws/install/turtlesim_multi/share/turtlesim_multi/environment/path.dsv
[1.961s] -- Up-to-date: /home/kanja-koduki/techonvoy_ws/install/turtlesim_multi/share/turtlesim_multi/local_setup.bash
[1.961s] -- Up-to-date: /home/kanja-koduki/techonvoy_ws/install/turtlesim_multi/share/turtlesim_multi/local_setup.sh
[1.961s] -- Up-to-date: /home/kanja-koduki/techonvoy_ws/install/turtlesim_multi/share/turtlesim_multi/local_setup.zsh
[1.961s] -- Installing: /home/kanja-koduki/techonvoy_ws/install/turtlesim_multi/share/turtlesim_multi/local_setup.dsv
[1.961s] -- Installing: /home/kanja-koduki/techonvoy_ws/install/turtlesim_multi/share/turtlesim_multi/package.dsv
[1.961s] -- Up-to-date: /home/kanja-koduki/techonvoy_ws/install/turtlesim_multi/share/ament_index/resource_index/packages/turtlesim_multi
[1.962s] -- Up-to-date: /home/kanja-koduki/techonvoy_ws/install/turtlesim_multi/share/turtlesim_multi/cmake/turtlesim_multiConfig.cmake
[1.962s] -- Up-to-date: /home/kanja-koduki/techonvoy_ws/install/turtlesim_multi/share/turtlesim_multi/cmake/turtlesim_multiConfig-version.cmake
[1.962s] -- Up-to-date: /home/kanja-koduki/techonvoy_ws/install/turtlesim_multi/share/turtlesim_multi/package.xml
[1.973s] Invoked command in '/home/kanja-koduki/techonvoy_ws/build/turtlesim_multi' returned '0': CMAKE_PREFIX_PATH=${CMAKE_PREFIX_PATH}:/home/kanja-koduki/ortega_ws/install/ortega_bot:/opt/ros/humble /home/kanja-koduki/.local/bin/cmake --install /home/kanja-koduki/techonvoy_ws/build/turtlesim_multi
