[ 50%] [32mBuilding CXX object CMakeFiles/single_drive.dir/src/single_drive.cpp.o[0m
[100%] [32m[1mLinking CXX executable single_drive[0m
[100%] Built target single_drive
-- Install configuration: ""
-- Installing: /home/kanja-koduki/techonvoy_ws/install/turtlesim_multi/lib/turtlesim_multi/single_drive
-- Set runtime path of "/home/kanja-koduki/techonvoy_ws/install/turtlesim_multi/lib/turtlesim_multi/single_drive" to ""
-- Up-to-date: /home/kanja-koduki/techonvoy_ws/install/turtlesim_multi/share/ament_index/resource_index/package_run_dependencies/turtlesim_multi
-- Up-to-date: /home/kanja-koduki/techonvoy_ws/install/turtlesim_multi/share/ament_index/resource_index/parent_prefix_path/turtlesim_multi
-- Up-to-date: /home/kanja-koduki/techonvoy_ws/install/turtlesim_multi/share/turtlesim_multi/environment/ament_prefix_path.sh
-- Up-to-date: /home/kanja-koduki/techonvoy_ws/install/turtlesim_multi/share/turtlesim_multi/environment/ament_prefix_path.dsv
-- Up-to-date: /home/kanja-koduki/techonvoy_ws/install/turtlesim_multi/share/turtlesim_multi/environment/path.sh
-- Up-to-date: /home/kanja-koduki/techonvoy_ws/install/turtlesim_multi/share/turtlesim_multi/environment/path.dsv
-- Up-to-date: /home/kanja-koduki/techonvoy_ws/install/turtlesim_multi/share/turtlesim_multi/local_setup.bash
-- Up-to-date: /home/kanja-koduki/techonvoy_ws/install/turtlesim_multi/share/turtlesim_multi/local_setup.sh
-- Up-to-date: /home/kanja-koduki/techonvoy_ws/install/turtlesim_multi/share/turtlesim_multi/local_setup.zsh
-- Up-to-date: /home/kanja-koduki/techonvoy_ws/install/turtlesim_multi/share/turtlesim_multi/local_setup.dsv
-- Installing: /home/kanja-koduki/techonvoy_ws/install/turtlesim_multi/share/turtlesim_multi/package.dsv
-- Up-to-date: /home/kanja-koduki/techonvoy_ws/install/turtlesim_multi/share/ament_index/resource_index/packages/turtlesim_multi
-- Up-to-date: /home/kanja-koduki/techonvoy_ws/install/turtlesim_multi/share/turtlesim_multi/cmake/turtlesim_multiConfig.cmake
-- Up-to-date: /home/kanja-koduki/techonvoy_ws/install/turtlesim_multi/share/turtlesim_multi/cmake/turtlesim_multiConfig-version.cmake
-- Up-to-date: /home/kanja-koduki/techonvoy_ws/install/turtlesim_multi/share/turtlesim_multi/package.xml
