[0.041s] Invoking command in '/home/kanja-koduki/techonvoy_ws/build/turtlesim_multi': CMAKE_PREFIX_PATH=${CMAKE_PREFIX_PATH}:/home/kanja-koduki/ortega_ws/install/ortega_bot:/opt/ros/humble /home/kanja-koduki/.local/bin/cmake --build /home/kanja-koduki/techonvoy_ws/build/turtlesim_multi -- -j8 -l8
[0.158s] [ 50%] [32mBuilding CXX object CMakeFiles/single_drive.dir/src/single_drive.cpp.o[0m
[8.693s] [100%] [32m[1mLinking CXX executable single_drive[0m
[9.028s] [100%] Built target single_drive
[9.045s] Invoked command in '/home/kanja-koduki/techonvoy_ws/build/turtlesim_multi' returned '0': CMAKE_PREFIX_PATH=${CMAKE_PREFIX_PATH}:/home/kanja-koduki/ortega_ws/install/ortega_bot:/opt/ros/humble /home/kanja-koduki/.local/bin/cmake --build /home/kanja-koduki/techonvoy_ws/build/turtlesim_multi -- -j8 -l8
[9.213s] Invoking command in '/home/kanja-koduki/techonvoy_ws/build/turtlesim_multi': CMAKE_PREFIX_PATH=${CMAKE_PREFIX_PATH}:/home/kanja-koduki/ortega_ws/install/ortega_bot:/opt/ros/humble /home/kanja-koduki/.local/bin/cmake --install /home/kanja-koduki/techonvoy_ws/build/turtlesim_multi
[9.278s] -- Install configuration: ""
[9.278s] -- Installing: /home/kanja-koduki/techonvoy_ws/install/turtlesim_multi/lib/turtlesim_multi/single_drive
[9.283s] -- Set runtime path of "/home/kanja-koduki/techonvoy_ws/install/turtlesim_multi/lib/turtlesim_multi/single_drive" to ""
[9.283s] -- Up-to-date: /home/kanja-koduki/techonvoy_ws/install/turtlesim_multi/share/ament_index/resource_index/package_run_dependencies/turtlesim_multi
[9.283s] -- Up-to-date: /home/kanja-koduki/techonvoy_ws/install/turtlesim_multi/share/ament_index/resource_index/parent_prefix_path/turtlesim_multi
[9.284s] -- Up-to-date: /home/kanja-koduki/techonvoy_ws/install/turtlesim_multi/share/turtlesim_multi/environment/ament_prefix_path.sh
[9.284s] -- Up-to-date: /home/kanja-koduki/techonvoy_ws/install/turtlesim_multi/share/turtlesim_multi/environment/ament_prefix_path.dsv
[9.284s] -- Up-to-date: /home/kanja-koduki/techonvoy_ws/install/turtlesim_multi/share/turtlesim_multi/environment/path.sh
[9.284s] -- Up-to-date: /home/kanja-koduki/techonvoy_ws/install/turtlesim_multi/share/turtlesim_multi/environment/path.dsv
[9.284s] -- Up-to-date: /home/kanja-koduki/techonvoy_ws/install/turtlesim_multi/share/turtlesim_multi/local_setup.bash
[9.284s] -- Up-to-date: /home/kanja-koduki/techonvoy_ws/install/turtlesim_multi/share/turtlesim_multi/local_setup.sh
[9.284s] -- Up-to-date: /home/kanja-koduki/techonvoy_ws/install/turtlesim_multi/share/turtlesim_multi/local_setup.zsh
[9.284s] -- Up-to-date: /home/kanja-koduki/techonvoy_ws/install/turtlesim_multi/share/turtlesim_multi/local_setup.dsv
[9.285s] -- Installing: /home/kanja-koduki/techonvoy_ws/install/turtlesim_multi/share/turtlesim_multi/package.dsv
[9.285s] -- Up-to-date: /home/kanja-koduki/techonvoy_ws/install/turtlesim_multi/share/ament_index/resource_index/packages/turtlesim_multi
[9.285s] -- Up-to-date: /home/kanja-koduki/techonvoy_ws/install/turtlesim_multi/share/turtlesim_multi/cmake/turtlesim_multiConfig.cmake
[9.285s] -- Up-to-date: /home/kanja-koduki/techonvoy_ws/install/turtlesim_multi/share/turtlesim_multi/cmake/turtlesim_multiConfig-version.cmake
[9.285s] -- Up-to-date: /home/kanja-koduki/techonvoy_ws/install/turtlesim_multi/share/turtlesim_multi/package.xml
[9.295s] Invoked command in '/home/kanja-koduki/techonvoy_ws/build/turtlesim_multi' returned '0': CMAKE_PREFIX_PATH=${CMAKE_PREFIX_PATH}:/home/kanja-koduki/ortega_ws/install/ortega_bot:/opt/ros/humble /home/kanja-koduki/.local/bin/cmake --install /home/kanja-koduki/techonvoy_ws/build/turtlesim_multi
