-- The C compiler identification is GNU 11.4.0
-- The CXX compiler identification is GNU 11.4.0
-- Detecting C compiler ABI info
-- Detecting C compiler ABI info - done
-- Check for working C compiler: /usr/bin/cc - skipped
-- Detecting C compile features
-- Detecting C compile features - done
-- Detecting CXX compiler ABI info
-- Detecting CXX compiler ABI info - done
-- Check for working CXX compiler: /usr/bin/c++ - skipped
-- Detecting CXX compile features
-- Detecting CXX compile features - done
-- Found ament_cmake: 1.3.5 (/opt/ros/humble/share/ament_cmake/cmake)
-- Found Python3: /usr/bin/python3.12 (found version "3.12.0") found components: Interpreter 
-- Found ament_lint_auto: 0.12.7 (/opt/ros/humble/share/ament_lint_auto/cmake)
-- Added test 'cppcheck' to perform static code analysis on C / C++ code
-- Configured cppcheck include dirs: $<BUILD_INTERFACE:/home/kanja-koduki/techonvoy_ws/src/turtlesim_multi/include>
-- Configured cppcheck exclude dirs and/or files: 
-- Added test 'lint_cmake' to check CMake code style
-- Added test 'uncrustify' to check C / C++ code style
-- Configured uncrustify additional arguments: 
-- Added test 'xmllint' to check XML markup files
-- Configuring done (1.8s)
-- Generating done (0.0s)
-- Build files have been written to: /home/kanja-koduki/techonvoy_ws/build/turtlesim_multi
[ 50%] [32mBuilding CXX object CMakeFiles/single_drive.dir/src/single_drive.cpp.o[0m
[100%] [32m[1mLinking CXX executable single_drive[0m
[100%] Built target single_drive
-- Install configuration: ""
-- Installing: /home/kanja-koduki/techonvoy_ws/install/turtlesim_multi/lib/turtlesim_multi/single_drive
-- Installing: /home/kanja-koduki/techonvoy_ws/install/turtlesim_multi/share/ament_index/resource_index/package_run_dependencies/turtlesim_multi
-- Installing: /home/kanja-koduki/techonvoy_ws/install/turtlesim_multi/share/ament_index/resource_index/parent_prefix_path/turtlesim_multi
-- Installing: /home/kanja-koduki/techonvoy_ws/install/turtlesim_multi/share/turtlesim_multi/environment/ament_prefix_path.sh
-- Installing: /home/kanja-koduki/techonvoy_ws/install/turtlesim_multi/share/turtlesim_multi/environment/ament_prefix_path.dsv
-- Installing: /home/kanja-koduki/techonvoy_ws/install/turtlesim_multi/share/turtlesim_multi/environment/path.sh
-- Installing: /home/kanja-koduki/techonvoy_ws/install/turtlesim_multi/share/turtlesim_multi/environment/path.dsv
-- Installing: /home/kanja-koduki/techonvoy_ws/install/turtlesim_multi/share/turtlesim_multi/local_setup.bash
-- Installing: /home/kanja-koduki/techonvoy_ws/install/turtlesim_multi/share/turtlesim_multi/local_setup.sh
-- Installing: /home/kanja-koduki/techonvoy_ws/install/turtlesim_multi/share/turtlesim_multi/local_setup.zsh
-- Installing: /home/kanja-koduki/techonvoy_ws/install/turtlesim_multi/share/turtlesim_multi/local_setup.dsv
-- Installing: /home/kanja-koduki/techonvoy_ws/install/turtlesim_multi/share/turtlesim_multi/package.dsv
-- Installing: /home/kanja-koduki/techonvoy_ws/install/turtlesim_multi/share/ament_index/resource_index/packages/turtlesim_multi
-- Installing: /home/kanja-koduki/techonvoy_ws/install/turtlesim_multi/share/turtlesim_multi/cmake/turtlesim_multiConfig.cmake
-- Installing: /home/kanja-koduki/techonvoy_ws/install/turtlesim_multi/share/turtlesim_multi/cmake/turtlesim_multiConfig-version.cmake
-- Installing: /home/kanja-koduki/techonvoy_ws/install/turtlesim_multi/share/turtlesim_multi/package.xml
