[0.035s] Invoking command in '/home/kanja-koduki/techonvoy_ws/build/turtlesim_multi': CMAKE_PREFIX_PATH=${CMAKE_PREFIX_PATH}:/home/kanja-koduki/ortega_ws/install/ortega_bot:/opt/ros/humble /home/kanja-koduki/.local/bin/cmake --build /home/kanja-koduki/techonvoy_ws/build/turtlesim_multi -- -j8 -l8
[0.111s] -- Found ament_cmake: 1.3.5 (/opt/ros/humble/share/ament_cmake/cmake)
[0.617s] -- Found rclcpp: 16.0.5 (/opt/ros/humble/share/rclcpp/cmake)
[0.720s] -- Found rosidl_generator_c: 3.1.5 (/opt/ros/humble/share/rosidl_generator_c/cmake)
[0.732s] -- Found rosidl_adapter: 3.1.5 (/opt/ros/humble/share/rosidl_adapter/cmake)
[0.753s] -- Found rosidl_generator_cpp: 3.1.5 (/opt/ros/humble/share/rosidl_generator_cpp/cmake)
[0.788s] -- Using all available rosidl_typesupport_c: rosidl_typesupport_fastrtps_c;rosidl_typesupport_introspection_c
[0.834s] -- Using all available rosidl_typesupport_cpp: rosidl_typesupport_fastrtps_cpp;rosidl_typesupport_introspection_cpp
[1.016s] -- Found rmw_implementation_cmake: 6.1.1 (/opt/ros/humble/share/rmw_implementation_cmake/cmake)
[1.023s] -- Found rmw_cyclonedds_cpp: 1.3.4 (/opt/ros/humble/share/rmw_cyclonedds_cpp/cmake)
[1.102s] -- Using RMW implementation 'rmw_cyclonedds_cpp' as default
[1.122s] -- Performing Test CMAKE_HAVE_LIBC_PTHREAD
[1.227s] -- Performing Test CMAKE_HAVE_LIBC_PTHREAD - Success
[1.229s] -- Found Threads: TRUE  
[1.583s] -- Found ament_lint_auto: 0.12.7 (/opt/ros/humble/share/ament_lint_auto/cmake)
[1.829s] [31mCMake Error at /opt/ros/humble/share/ament_cmake_core/cmake/core/ament_package_xml.cmake:53 (message):
[1.829s]   ament_package_xml() package name 'turtlesim_multi' in '/package.xml' does
[1.829s]   not match current PROJECT_NAME 'turtlesim_multiple_'.  You must call
[1.830s]   project() with the same package name before.
[1.830s] Call Stack (most recent call first):
[1.830s]   /opt/ros/humble/share/ament_lint_auto/cmake/ament_lint_auto_find_test_dependencies.cmake:31 (ament_package_xml)
[1.830s]   CMakeLists.txt:59 (ament_lint_auto_find_test_dependencies)
[1.830s] 
[1.831s] [0m
[1.831s] -- Configuring incomplete, errors occurred!
[1.840s] gmake: *** [Makefile:267: cmake_check_build_system] Error 1
[1.850s] Invoked command in '/home/kanja-koduki/techonvoy_ws/build/turtlesim_multi' returned '2': CMAKE_PREFIX_PATH=${CMAKE_PREFIX_PATH}:/home/kanja-koduki/ortega_ws/install/ortega_bot:/opt/ros/humble /home/kanja-koduki/.local/bin/cmake --build /home/kanja-koduki/techonvoy_ws/build/turtlesim_multi -- -j8 -l8
