[0.036s] Invoking command in '/home/kanja-koduki/techonvoy_ws/build/turtlesim_multi': CMAKE_PREFIX_PATH=${CMAKE_PREFIX_PATH}:/home/kanja-koduki/ortega_ws/install/ortega_bot:/opt/ros/humble /home/kanja-koduki/.local/bin/cmake --build /home/kanja-koduki/techonvoy_ws/build/turtlesim_multi -- -j8 -l8
[0.116s] -- Found ament_cmake: 1.3.5 (/opt/ros/humble/share/ament_cmake/cmake)
[0.593s] -- Found ament_lint_auto: 0.12.7 (/opt/ros/humble/share/ament_lint_auto/cmake)
[0.850s] -- Added test 'cppcheck' to perform static code analysis on C / C++ code
[0.851s] -- Configured cppcheck include dirs: $<BUILD_INTERFACE:/home/kanja-koduki/techonvoy_ws/src/turtlesim_multi/include>
[0.851s] -- Configured cppcheck exclude dirs and/or files: 
[0.852s] -- Added test 'lint_cmake' to check CMake code style
[0.854s] -- Added test 'uncrustify' to check C / C++ code style
[0.854s] -- Configured uncrustify additional arguments: 
[0.855s] -- Added test 'xmllint' to check XML markup files
[0.856s] -- Configuring done (0.8s)
[0.864s] -- Generating done (0.0s)
[0.866s] -- Build files have been written to: /home/kanja-koduki/techonvoy_ws/build/turtlesim_multi
[0.896s] [ 50%] [32mBuilding CXX object CMakeFiles/single_drive.dir/src/single_drive.cpp.o[0m
[0.952s] [01m[K/home/kanja-koduki/techonvoy_ws/src/turtlesim_multi/src/single_drive.cpp:3:10:[m[K [01;31m[Kfatal error: [m[Krclcpp/rclcpp.hpp: No such file or directory
[0.953s]     3 | #include [01;31m[K"rclcpp/rclcpp.hpp"[m[K
[0.953s]       |          [01;31m[K^~~~~~~~~~~~~~~~~~~[m[K
[0.953s] compilation terminated.
[0.955s] gmake[2]: *** [CMakeFiles/single_drive.dir/build.make:76: CMakeFiles/single_drive.dir/src/single_drive.cpp.o] Error 1
[0.956s] gmake[1]: *** [CMakeFiles/Makefile2:137: CMakeFiles/single_drive.dir/all] Error 2
[0.956s] gmake: *** [Makefile:146: all] Error 2
[0.968s] Invoked command in '/home/kanja-koduki/techonvoy_ws/build/turtlesim_multi' returned '2': CMAKE_PREFIX_PATH=${CMAKE_PREFIX_PATH}:/home/kanja-koduki/ortega_ws/install/ortega_bot:/opt/ros/humble /home/kanja-koduki/.local/bin/cmake --build /home/kanja-koduki/techonvoy_ws/build/turtlesim_multi -- -j8 -l8
